0 info it worked if it ends with ok
1 verbose cli [ '/usr/bin/nodejs', '/usr/bin/npm', 'run', 'test' ]
2 info using npm@4.0.5
3 info using node@v4.6.2
4 verbose run-script [ 'pretest', 'test', 'posttest' ]
5 info lifecycle soundscape@~pretest: soundscape@
6 silly lifecycle soundscape@~pretest: no script for pretest, continuing
7 info lifecycle soundscape@~test: soundscape@
8 verbose lifecycle soundscape@~test: unsafe-perm in lifecycle true
9 verbose lifecycle soundscape@~test: PATH: /usr/lib/node_modules/npm/bin/node-gyp-bin:/home/ruijia/soundscape/node_modules/.bin:/opt/ros/indigo/bin:/usr/local/sbin:/usr/local/bin:/usr/sbin:/usr/bin:/sbin:/bin:/usr/games:/usr/local/games:/usr/lib/jvm/java-8-oracle/bin:/usr/lib/jvm/java-8-oracle/db/bin:/usr/lib/jvm/java-8-oracle/jre/bin
10 verbose lifecycle soundscape@~test: CWD: /home/ruijia/soundscape
11 silly lifecycle soundscape@~test: Args: [ '-c', 'mocha test.js' ]
12 silly lifecycle soundscape@~test: Returned: code: 1  signal: null
13 info lifecycle soundscape@~test: Failed to exec test script
14 verbose stack Error: soundscape@ test: `mocha test.js`
14 verbose stack Exit status 1
14 verbose stack     at EventEmitter.<anonymous> (/usr/lib/node_modules/npm/lib/utils/lifecycle.js:279:16)
14 verbose stack     at emitTwo (events.js:87:13)
14 verbose stack     at EventEmitter.emit (events.js:172:7)
14 verbose stack     at ChildProcess.<anonymous> (/usr/lib/node_modules/npm/lib/utils/spawn.js:40:14)
14 verbose stack     at emitTwo (events.js:87:13)
14 verbose stack     at ChildProcess.emit (events.js:172:7)
14 verbose stack     at maybeClose (internal/child_process.js:854:16)
14 verbose stack     at Process.ChildProcess._handle.onexit (internal/child_process.js:222:5)
15 verbose pkgid soundscape@
16 verbose cwd /home/ruijia/soundscape
17 error Linux 4.4.0-47-generic
18 error argv "/usr/bin/nodejs" "/usr/bin/npm" "run" "test"
19 error node v4.6.2
20 error npm  v4.0.5
21 error code ELIFECYCLE
22 error soundscape@ test: `mocha test.js`
22 error Exit status 1
23 error Failed at the soundscape@ test script 'mocha test.js'.
23 error Make sure you have the latest version of node.js and npm installed.
23 error If you do, this is most likely a problem with the soundscape package,
23 error not with npm itself.
23 error Tell the author that this fails on your system:
23 error     mocha test.js
23 error You can get information on how to open an issue for this project with:
23 error     npm bugs soundscape
23 error Or if that isn't available, you can get their info via:
23 error     npm owner ls soundscape
23 error There is likely additional logging output above.
24 verbose exit [ 1, true ]
